<?xml version="1.0" encoding="UTF-8"?>
<!-- Generated by org.testng.reporters.JUnitReportReporter -->
<testsuite skipped="0" hostname="IN-JAYESHGURJAR" name="ServicenowDemo.CreateChangeRequest" tests="1" failures="0" timestamp="07 Nov 2018 09:07:13 GMT" time="1264.385" errors="0">
  <testcase name="testChangeRequestCreation" time="1264.385" classname="ServicenowDemo.CreateChangeRequest"/>
</testsuite> <!-- ServicenowDemo.CreateChangeRequest -->
