<?xml version="1.0" encoding="UTF-8"?>
<!-- Generated by org.testng.reporters.JUnitReportReporter -->
<testsuite skipped="0" hostname="IN-JAYESHGURJAR" name="ServicenowDemo.CreateNewAsset" tests="1" failures="0" timestamp="19 Nov 2018 12:32:37 GMT" time="78.308" errors="0">
  <testcase name="testIncidentCreation" time="78.308" classname="ServicenowDemo.CreateNewAsset"/>
</testsuite> <!-- ServicenowDemo.CreateNewAsset -->
