<?xml version="1.0" encoding="UTF-8"?>
<!-- Generated by org.testng.reporters.JUnitReportReporter -->
<testsuite skipped="0" hostname="IN-JAYESHGURJAR" name="ServicenowDemo.CreateServiceRequest" tests="1" failures="0" timestamp="16 Oct 2018 08:36:54 GMT" time="274.519" errors="0">
  <testcase name="testServiceRequestCreation" time="274.519" classname="ServicenowDemo.CreateServiceRequest"/>
</testsuite> <!-- ServicenowDemo.CreateServiceRequest -->
