<?xml version="1.0" encoding="UTF-8"?>
<!-- Generated by org.testng.reporters.JUnitReportReporter -->
<testsuite skipped="0" hostname="IN-JAYESHGURJAR" name="ServicenowDemo.CreateProblemFromIncident" tests="1" failures="0" timestamp="04 Dec 2018 09:41:41 GMT" time="162.811" errors="0">
  <testcase name="testIncidentCreation" time="162.811" classname="ServicenowDemo.CreateProblemFromIncident"/>
</testsuite> <!-- ServicenowDemo.CreateProblemFromIncident -->
