<?xml version="1.0" encoding="UTF-8"?>
<!-- Generated by org.testng.reporters.JUnitReportReporter -->
<testsuite skipped="0" hostname="IN-JAYESHGURJAR" name="ServicenowDemo.CreateKnowledgeArticle" tests="1" failures="0" timestamp="07 Nov 2018 10:29:13 GMT" time="48.062" errors="0">
  <testcase name="testChangeRequestCreation" time="48.062" classname="ServicenowDemo.CreateKnowledgeArticle"/>
</testsuite> <!-- ServicenowDemo.CreateKnowledgeArticle -->
