<?xml version="1.0" encoding="UTF-8"?>
<!-- Generated by org.testng.reporters.JUnitReportReporter -->
<testsuite skipped="0" hostname="IN-SATHEESHNAI" name="regression.TC_AddNewPosition" tests="7" failures="0" timestamp="26 Feb 2019 09:44:06 GMT" time="301.749" errors="0">
  <testcase name="testcase" time="16.008" classname="regression.TC_AddNewPosition"/>
  <testcase name="header" time="9.737" classname="regression.TC_AddNewPosition"/>
  <testcase name="clickondemand" time="6.306" classname="regression.TC_AddNewPosition"/>
  <testcase name="addnewposition" time="12.499" classname="regression.TC_AddNewPosition"/>
  <testcase name="addposition" time="233.403" classname="regression.TC_AddNewPosition"/>
  <testcase name="submitposition" time="10.009" classname="regression.TC_AddNewPosition"/>
  <testcase name="logout" time="13.787" classname="regression.TC_AddNewPosition"/>
</testsuite> <!-- regression.TC_AddNewPosition -->
