<?xml version="1.0" encoding="UTF-8"?>
<!-- Generated by org.testng.reporters.JUnitReportReporter -->
<testsuite skipped="0" hostname="IN-SATHEESHNAI" name="regression.TC_AddNewResource" tests="7" failures="0" timestamp="05 Mar 2019 07:24:50 GMT" time="136.147" errors="0">
  <testcase name="loginasvendor" time="8.452" classname="regression.TC_AddNewResource"/>
  <testcase name="clickontask" time="6.441" classname="regression.TC_AddNewResource"/>
  <testcase name="clickonresource" time="6.811" classname="regression.TC_AddNewResource"/>
  <testcase name="addnewresource" time="8.871" classname="regression.TC_AddNewResource"/>
  <testcase name="enterresourcedetails" time="90.490" classname="regression.TC_AddNewResource"/>
  <testcase name="submitresource" time="7.482" classname="regression.TC_AddNewResource"/>
  <testcase name="logout" time="7.600" classname="regression.TC_AddNewResource"/>
</testsuite> <!-- regression.TC_AddNewResource -->
