<?xml version="1.0" encoding="UTF-8"?>
<!-- Generated by org.testng.reporters.JUnitReportReporter -->
<testsuite skipped="0" hostname="IN-SATHEESHNAI" name="regression.TC_AddNewResource" tests="1" failures="0" timestamp="22 Feb 2019 07:13:46 GMT" time="7.966" errors="0">
  <testcase name="loginasvendor" time="7.966" classname="regression.TC_AddNewResource"/>
</testsuite> <!-- regression.TC_AddNewResource -->
