<?xml version="1.0" encoding="UTF-8"?>
<!-- Generated by org.testng.reporters.JUnitReportReporter -->
<testsuite skipped="0" hostname="IN-SATHEESHNAI" name="regression.TC_AddNewPosition" tests="1" failures="0" timestamp="22 Feb 2019 07:13:46 GMT" time="15.693" errors="0">
  <testcase name="testcase" time="15.693" classname="regression.TC_AddNewPosition"/>
</testsuite> <!-- regression.TC_AddNewPosition -->
