<?xml version="1.0" encoding="UTF-8"?>
<!-- Generated by org.testng.reporters.JUnitReportReporter -->
<testsuite skipped="1" hostname="IN-SATHEESHNAI" name="regression.TC_OrderOwner_Approval" tests="5" failures="0" timestamp="04 Mar 2019 11:48:20 GMT" time="30.786" errors="0">
  <testcase name="loginasvendor" time="12.172" classname="regression.TC_OrderOwner_Approval"/>
  <testcase name="clickontask" time="5.779" classname="regression.TC_OrderOwner_Approval"/>
  <testcase name="clickondemand" time="4.201" classname="regression.TC_OrderOwner_Approval"/>
  <testcase name="clickonpositionid" time="8.634" classname="regression.TC_OrderOwner_Approval"/>
  <testcase name="logout" classname="regression.TC_OrderOwner_Approval">
    <skipped/>
  </testcase> <!-- logout -->
</testsuite> <!-- regression.TC_OrderOwner_Approval -->
