<?xml version="1.0" encoding="UTF-8"?>
<!-- Generated by org.testng.reporters.JUnitReportReporter -->
<testsuite skipped="0" hostname="IN-SATHEESHNAI" name="regression.TC_AddNewPosition" tests="7" failures="0" timestamp="27 Feb 2019 12:00:09 GMT" time="121.993" errors="0">
  <testcase name="testcase" time="12.510" classname="regression.TC_AddNewPosition"/>
  <testcase name="header" time="4.549" classname="regression.TC_AddNewPosition"/>
  <testcase name="clickondemand" time="4.205" classname="regression.TC_AddNewPosition"/>
  <testcase name="addnewposition" time="6.426" classname="regression.TC_AddNewPosition"/>
  <testcase name="addposition" time="79.747" classname="regression.TC_AddNewPosition"/>
  <testcase name="submitposition" time="4.813" classname="regression.TC_AddNewPosition"/>
  <testcase name="logout" time="9.743" classname="regression.TC_AddNewPosition"/>
</testsuite> <!-- regression.TC_AddNewPosition -->
