<?xml version="1.0" encoding="UTF-8"?>
<!-- Generated by org.testng.reporters.JUnitReportReporter -->
<testsuite skipped="0" hostname="IN-SATHEESHNAI" name="regression.TC_AddNewResource" tests="7" failures="0" timestamp="28 Feb 2019 06:25:28 GMT" time="144.106" errors="0">
  <testcase name="loginasvendor" time="8.543" classname="regression.TC_AddNewResource"/>
  <testcase name="clickontask" time="7.779" classname="regression.TC_AddNewResource"/>
  <testcase name="clickonresource" time="7.217" classname="regression.TC_AddNewResource"/>
  <testcase name="addnewresource" time="9.108" classname="regression.TC_AddNewResource"/>
  <testcase name="enterresourcedetails" time="96.198" classname="regression.TC_AddNewResource"/>
  <testcase name="submitresource" time="7.501" classname="regression.TC_AddNewResource"/>
  <testcase name="logout" time="7.760" classname="regression.TC_AddNewResource"/>
</testsuite> <!-- regression.TC_AddNewResource -->
