<?xml version="1.0" encoding="UTF-8"?>
<!-- Generated by org.testng.reporters.JUnitReportReporter -->
<testsuite skipped="1" hostname="IN-SATHEESHNAI" name="regression.TC_AddNewPosition" tests="7" failures="0" timestamp="05 Mar 2019 07:14:54 GMT" time="139.256" errors="0">
  <testcase name="testcase" time="12.986" classname="regression.TC_AddNewPosition"/>
  <testcase name="header" time="4.511" classname="regression.TC_AddNewPosition"/>
  <testcase name="clickondemand" time="4.321" classname="regression.TC_AddNewPosition"/>
  <testcase name="addnewposition" time="32.306" classname="regression.TC_AddNewPosition"/>
  <testcase name="addposition" time="80.133" classname="regression.TC_AddNewPosition"/>
  <testcase name="submitposition" time="4.999" classname="regression.TC_AddNewPosition"/>
  <testcase name="logout" classname="regression.TC_AddNewPosition">
    <skipped/>
  </testcase> <!-- logout -->
</testsuite> <!-- regression.TC_AddNewPosition -->
