<?xml version="1.0" encoding="UTF-8"?>
<!-- Generated by org.testng.reporters.JUnitReportReporter -->
<testsuite skipped="0" hostname="IN-SATHEESHNAI" name="regression.TC_AddNewResource" tests="7" failures="0" timestamp="26 Feb 2019 09:51:03 GMT" time="258.800" errors="0">
  <testcase name="loginasvendor" time="8.890" classname="regression.TC_AddNewResource"/>
  <testcase name="clickontask" time="10.318" classname="regression.TC_AddNewResource"/>
  <testcase name="clickonresource" time="9.572" classname="regression.TC_AddNewResource"/>
  <testcase name="addnewresource" time="14.922" classname="regression.TC_AddNewResource"/>
  <testcase name="enterresourcedetails" time="194.732" classname="regression.TC_AddNewResource"/>
  <testcase name="submitresource" time="10.316" classname="regression.TC_AddNewResource"/>
  <testcase name="logout" time="10.050" classname="regression.TC_AddNewResource"/>
</testsuite> <!-- regression.TC_AddNewResource -->
