<?xml version="1.0" encoding="UTF-8"?>
<!-- Generated by org.testng.reporters.JUnitReportReporter -->
<testsuite skipped="5" hostname="IN-SATHEESHNAI" name="jj.test.TC_AddNewPositionandResource" tests="10" failures="0" timestamp="30 Jan 2019 08:37:43 GMT" time="108.917" errors="0">
  <testcase name="testcase" time="8.918" classname="jj.test.TC_AddNewPositionandResource"/>
  <testcase name="header" time="3.653" classname="jj.test.TC_AddNewPositionandResource"/>
  <testcase name="clickondemand" time="2.677" classname="jj.test.TC_AddNewPositionandResource"/>
  <testcase name="addnewposition" time="9.741" classname="jj.test.TC_AddNewPositionandResource"/>
  <testcase name="addposition" time="83.928" classname="jj.test.TC_AddNewPositionandResource"/>
  <testcase name="loginasvendor" classname="jj.test.TC_AddNewPositionandResource">
    <skipped/>
  </testcase> <!-- loginasvendor -->
  <testcase name="logout" classname="jj.test.TC_AddNewPositionandResource">
    <skipped/>
  </testcase> <!-- logout -->
  <testcase name="clickontask" classname="jj.test.TC_AddNewPositionandResource">
    <skipped/>
  </testcase> <!-- clickontask -->
  <testcase name="clickonresource" classname="jj.test.TC_AddNewPositionandResource">
    <skipped/>
  </testcase> <!-- clickonresource -->
  <testcase name="submitposition" classname="jj.test.TC_AddNewPositionandResource">
    <skipped/>
  </testcase> <!-- submitposition -->
</testsuite> <!-- jj.test.TC_AddNewPositionandResource -->
