<?xml version="1.0" encoding="UTF-8"?>
<!-- Generated by org.testng.reporters.JUnitReportReporter -->
<testsuite skipped="5" hostname="IN-SATHEESHNAI" name="jj.test.TC_AddNewPositionandResource" tests="10" failures="0" timestamp="31 Jan 2019 12:03:33 GMT" time="206.633" errors="0">
  <testcase name="testcase" time="8.306" classname="jj.test.TC_AddNewPositionandResource"/>
  <testcase name="header" time="3.721" classname="jj.test.TC_AddNewPositionandResource"/>
  <testcase name="clickondemand" time="2.709" classname="jj.test.TC_AddNewPositionandResource"/>
  <testcase name="addnewposition" time="9.785" classname="jj.test.TC_AddNewPositionandResource"/>
  <testcase name="addposition" time="182.112" classname="jj.test.TC_AddNewPositionandResource"/>
  <testcase name="loginasvendor" classname="jj.test.TC_AddNewPositionandResource">
    <skipped/>
  </testcase> <!-- loginasvendor -->
  <testcase name="logout" classname="jj.test.TC_AddNewPositionandResource">
    <skipped/>
  </testcase> <!-- logout -->
  <testcase name="clickontask" classname="jj.test.TC_AddNewPositionandResource">
    <skipped/>
  </testcase> <!-- clickontask -->
  <testcase name="submitposition" classname="jj.test.TC_AddNewPositionandResource">
    <skipped/>
  </testcase> <!-- submitposition -->
  <testcase name="clickonresource" classname="jj.test.TC_AddNewPositionandResource">
    <skipped/>
  </testcase> <!-- clickonresource -->
</testsuite> <!-- jj.test.TC_AddNewPositionandResource -->
